media/libraries/decoder/buildout/outputs/logs/manifest-merger-release-report.txt
-- Merging decision tree log ---
manifest
ADDED from src\main\AndroidManifest.xml:17:1-19:12
INJECTED from src\main\AndroidManifest.xml:17:1-19:12
	package
		ADDED from src\main\AndroidManifest.xml:17:11-44
		INJECTED from src\main\AndroidManifest.xml
uses-sdk
ADDED from src\main\AndroidManifest.xml:18:3-14
INJECTED from src\main\AndroidManifest.xml:18:3-14
INJECTED from src\main\AndroidManifest.xml:18:3-14
	android:targetSdkVersion
		INJECTED from src\main\AndroidManifest.xml
	android:minSdkVersion
		INJECTED from src\main\AndroidManifest.xml